<?xml version="1.0" encoding="UTF-8"?>
<!-- Generated by org.testng.reporters.JUnitReportReporter -->
<testsuite hostname="DESKTOP-DV0TF6S" failures="0" tests="1" name="testScripts.amazonTest" time="80.040" errors="0" timestamp="2025-04-12T16:18:26 IST" skipped="0">
  <testcase classname="testScripts.amazonTest" name="verifyElectronicsSearch" time="80.040"/>
</testsuite> <!-- testScripts.amazonTest -->
